<?xml version="1.0" encoding="UTF-8"?>
<!-- Generated by org.testng.reporters.JUnitReportReporter -->
<testsuite hostname="Maa-Anna-Gaadi-PC" failures="0" tests="1" name="Framework.Tests.submitOrderTest" time="19.799" errors="0" timestamp="2025-07-16T18:15:11 GMT-04:00" skipped="0">
  <testcase classname="Framework.Tests.submitOrderTest" name="submitOrder" time="19.799"/>
</testsuite> <!-- Framework.Tests.submitOrderTest -->
